<?xml version="1.0" encoding="UTF-8"?>
<!-- Generated by org.testng.reporters.JUnitReportReporter -->
<testsuite hostname="Keerthichandras-MacBook-Air.local" failures="0" tests="1" name="kc.io.tests.ParallelTest" time="1.953" errors="0" timestamp="2024-07-10T10:01:08 IST" skipped="0">
  <testcase classname="kc.io.tests.ParallelTest" name="printParallelTest" time="1.953"/>
</testsuite> <!-- kc.io.tests.ParallelTest -->
